<?xml version="1.0" encoding="UTF-8"?>
<testsuite hostname="i5" name="br.danielcastellani.bbb.dao.VotacaoDAOTest" tests="11" failures="0" timestamp="17 Jul 2013 01:32:39 GMT" time="0.214" errors="0">
  <testcase name="quandoRecuperaVotosNaoDeveSerNull" time="0.005" classname="br.danielcastellani.bbb.dao.VotacaoDAOTest"/>
  <testcase name="recuperaVotacaoCorrenteComSucesso" time="0.002" classname="br.danielcastellani.bbb.dao.VotacaoDAOTest"/>
  <testcase name="salvaVotosComSucesso" time="0.004" classname="br.danielcastellani.bbb.dao.VotacaoDAOTest"/>
  <testcase name="aposVotacaoTerminarNaoDeveContabilizarVotosQuandoVotarNaDireita" time="0.001" classname="br.danielcastellani.bbb.service.VotacaoServiceTest"/>
  <testcase name="aposVotacaoTerminarNaoDeveContabilizarVotosQuandoVotarNaEsquerda" time="0.001" classname="br.danielcastellani.bbb.service.VotacaoServiceTest"/>
  <testcase name="quandoSalvaVotacaoDeveReiniciarContagemCorrente" time="0.0" classname="br.danielcastellani.bbb.service.VotacaoServiceTest"/>
  <testcase name="quandoSalvarVotacaoMasHouverNovosVotosParaDireitaDeveSalvar" time="0.01" classname="br.danielcastellani.bbb.service.VotacaoServiceTest"/>
  <testcase name="quandoSalvarVotacaoMasHouverNovosVotosParaEsquerdaDeveSalvar" time="0.002" classname="br.danielcastellani.bbb.service.VotacaoServiceTest"/>
  <testcase name="quandoSalvarVotacaoMasNaoHouverNovosVotosNaoDeveSalvar" time="0.001" classname="br.danielcastellani.bbb.service.VotacaoServiceTest"/>
  <testcase name="quandoVotarNaDireitaIncrementaVotosDireita" time="0.0" classname="br.danielcastellani.bbb.service.VotacaoServiceTest"/>
  <testcase name="quandoVotarNaEsquerdaIncrementaVotosEsquerda" time="0.0" classname="br.danielcastellani.bbb.service.VotacaoServiceTest"/>
</testsuite>
