<?xml version="1.0" encoding="UTF-8"?>
<testng-results skipped="0" failed="0" total="12" passed="12">
  <reporter-output>
  </reporter-output>
  <suite name="SUITE DE TESTE" duration-ms="784" started-at="2013-07-16T16:28:50Z" finished-at="2013-07-16T16:28:50Z">
    <groups>
    </groups>
    <test name="Testes" duration-ms="149" started-at="2013-07-16T16:28:50Z" finished-at="2013-07-16T16:28:50Z">
      <class name="br.danielcastellani.bbb.service.VotacaoServiceTest">
        <test-method status="PASS" signature="setUp()" name="setUp" is-config="true" duration-ms="110" started-at="2013-07-16T16:28:50Z" finished-at="2013-07-16T16:28:50Z">
        </test-method>
        <test-method status="PASS" signature="aposVotacaoTerminarNaoDeveContabilizarVotosQuandoVotarNaDireita()" name="aposVotacaoTerminarNaoDeveContabilizarVotosQuandoVotarNaDireita" duration-ms="2" started-at="2013-07-16T16:28:50Z" finished-at="2013-07-16T16:28:50Z">
        </test-method>
        <test-method status="PASS" signature="setUp()" name="setUp" is-config="true" duration-ms="1" started-at="2013-07-16T16:28:50Z" finished-at="2013-07-16T16:28:50Z">
        </test-method>
        <test-method status="PASS" signature="aposVotacaoTerminarNaoDeveContabilizarVotosQuandoVotarNaEsquerda()" name="aposVotacaoTerminarNaoDeveContabilizarVotosQuandoVotarNaEsquerda" duration-ms="1" started-at="2013-07-16T16:28:50Z" finished-at="2013-07-16T16:28:50Z">
        </test-method>
        <test-method status="PASS" signature="setUp()" name="setUp" is-config="true" duration-ms="1" started-at="2013-07-16T16:28:50Z" finished-at="2013-07-16T16:28:50Z">
        </test-method>
        <test-method status="PASS" signature="quandoSalvaVotacaoDeveReiniciarContagemCorrente()" name="quandoSalvaVotacaoDeveReiniciarContagemCorrente" duration-ms="4" started-at="2013-07-16T16:28:50Z" finished-at="2013-07-16T16:28:50Z">
        </test-method>
        <test-method status="PASS" signature="setUp()" name="setUp" is-config="true" duration-ms="1" started-at="2013-07-16T16:28:50Z" finished-at="2013-07-16T16:28:50Z">
        </test-method>
        <test-method status="PASS" signature="quandoSalvarVotacaoMasHouverNovosVotosParaDireitaDeveSalvar()" name="quandoSalvarVotacaoMasHouverNovosVotosParaDireitaDeveSalvar" duration-ms="9" started-at="2013-07-16T16:28:50Z" finished-at="2013-07-16T16:28:50Z">
        </test-method>
        <test-method status="PASS" signature="setUp()" name="setUp" is-config="true" duration-ms="0" started-at="2013-07-16T16:28:50Z" finished-at="2013-07-16T16:28:50Z">
        </test-method>
        <test-method status="PASS" signature="quandoSalvarVotacaoMasHouverNovosVotosParaEsquerdaDeveSalvar()" name="quandoSalvarVotacaoMasHouverNovosVotosParaEsquerdaDeveSalvar" duration-ms="1" started-at="2013-07-16T16:28:50Z" finished-at="2013-07-16T16:28:50Z">
        </test-method>
        <test-method status="PASS" signature="setUp()" name="setUp" is-config="true" duration-ms="0" started-at="2013-07-16T16:28:50Z" finished-at="2013-07-16T16:28:50Z">
        </test-method>
        <test-method status="PASS" signature="quandoSalvarVotacaoMasNaoHouverNovosVotosNaoDeveSalvar()" name="quandoSalvarVotacaoMasNaoHouverNovosVotosNaoDeveSalvar" duration-ms="1" started-at="2013-07-16T16:28:50Z" finished-at="2013-07-16T16:28:50Z">
        </test-method>
        <test-method status="PASS" signature="quandoVotarNaDireitaIncrementaVotosDireita()" name="quandoVotarNaDireitaIncrementaVotosDireita" duration-ms="1" started-at="2013-07-16T16:28:50Z" finished-at="2013-07-16T16:28:50Z">
        </test-method>
        <test-method status="PASS" signature="setUp()" name="setUp" is-config="true" duration-ms="0" started-at="2013-07-16T16:28:50Z" finished-at="2013-07-16T16:28:50Z">
        </test-method>
        <test-method status="PASS" signature="setUp()" name="setUp" is-config="true" duration-ms="1" started-at="2013-07-16T16:28:50Z" finished-at="2013-07-16T16:28:50Z">
        </test-method>
        <test-method status="PASS" signature="quandoVotarNaEsquerdaIncrementaVotosEsquerda()" name="quandoVotarNaEsquerdaIncrementaVotosEsquerda" duration-ms="0" started-at="2013-07-16T16:28:50Z" finished-at="2013-07-16T16:28:50Z">
        </test-method>
      </class>
      <class name="br.danielcastellani.bbb.dao.VotacaoDAOTest">
        <test-method status="PASS" signature="setUp()" name="setUp" is-config="true" duration-ms="0" started-at="2013-07-16T16:28:50Z" finished-at="2013-07-16T16:28:50Z">
        </test-method>
        <test-method status="PASS" signature="quandoRecuperaVotosNaoDeveSerNull()" name="quandoRecuperaVotosNaoDeveSerNull" duration-ms="4" started-at="2013-07-16T16:28:50Z" finished-at="2013-07-16T16:28:50Z">
        </test-method>
        <test-method status="PASS" signature="recuperaVotacaoCorrenteComSucesso()" name="recuperaVotacaoCorrenteComSucesso" duration-ms="1" started-at="2013-07-16T16:28:50Z" finished-at="2013-07-16T16:28:50Z">
        </test-method>
        <test-method status="PASS" signature="salvaVotosComSucesso()" name="salvaVotosComSucesso" duration-ms="3" started-at="2013-07-16T16:28:50Z" finished-at="2013-07-16T16:28:50Z">
        </test-method>
      </class>
    </test>
    <test name="ContextoAplicacao" duration-ms="623" started-at="2013-07-16T16:28:50Z" finished-at="2013-07-16T16:28:50Z">
      <class name="br.danielcastellani.bbb.ContextoTest">
        <test-method status="PASS" signature="criaConexao()" name="criaConexao" duration-ms="614" started-at="2013-07-16T16:28:50Z" finished-at="2013-07-16T16:28:50Z">
        </test-method>
      </class>
    </test>
  </suite>
</testng-results>
