<?xml version="1.0" encoding="UTF-8" ?>
<testsuite failures="0" time="1.515" errors="0" skipped="0" tests="12" name="TestSuite">
  <properties>
[...]
</properties>
  <testcase time="0.888" classname="br.danielcastellani.bbb.ContextoTest" name="criaConexao"/>
  <testcase time="0.005" classname="br.danielcastellani.bbb.dao.VotacaoDAOTest" name="quandoRecuperaVotosNaoDeveSerNull"/>
  <testcase time="0.002" classname="br.danielcastellani.bbb.dao.VotacaoDAOTest" name="recuperaVotacaoCorrenteComSucesso"/>
  <testcase time="0.004" classname="br.danielcastellani.bbb.dao.VotacaoDAOTest" name="salvaVotosComSucesso"/>
  <testcase time="0.001" classname="br.danielcastellani.bbb.service.VotacaoServiceTest" name="aposVotacaoTerminarNaoDeveContabilizarVotosQuandoVotarNaDireita"/>
  <testcase time="0.001" classname="br.danielcastellani.bbb.service.VotacaoServiceTest" name="aposVotacaoTerminarNaoDeveContabilizarVotosQuandoVotarNaEsquerda"/>
  <testcase time="0" classname="br.danielcastellani.bbb.service.VotacaoServiceTest" name="quandoSalvaVotacaoDeveReiniciarContagemCorrente"/>
  <testcase time="0.011" classname="br.danielcastellani.bbb.service.VotacaoServiceTest" name="quandoSalvarVotacaoMasHouverNovosVotosParaDireitaDeveSalvar"/>
  <testcase time="0.001" classname="br.danielcastellani.bbb.service.VotacaoServiceTest" name="quandoSalvarVotacaoMasHouverNovosVotosParaEsquerdaDeveSalvar"/>
  <testcase time="0.001" classname="br.danielcastellani.bbb.service.VotacaoServiceTest" name="quandoSalvarVotacaoMasNaoHouverNovosVotosNaoDeveSalvar"/>
  <testcase time="0" classname="br.danielcastellani.bbb.service.VotacaoServiceTest" name="quandoVotarNaDireitaIncrementaVotosDireita"/>
  <testcase time="0" classname="br.danielcastellani.bbb.service.VotacaoServiceTest" name="quandoVotarNaEsquerdaIncrementaVotosEsquerda"/>
</testsuite>